El usuario pedro no existe.
El directorio /home/pedro no existe.
El usuario pedro no existe.
El directorio /home/pedro no existe.
El usuario pedro no existe.
El directorio /home/pedro no existe.
El usuario maria no existe.
El directorio /home/maria no existe.
El usuario maria no existe.
El directorio /home/maria no existe.
El usuario maria no existe.
El directorio /home/maria no existe.
El usuario maria no existe.
El directorio /home/maria no existe.
El usuario maria no existe.
El directorio /home/maria no existe.
El usuario maria no existe.
El directorio /home/maria no existe.
El usuario maria no existe.
El directorio /home/maria no existe.
El usuario maria no existe.
El directorio /home/maria no existe.
El usuario maria no existe.
El directorio /home/maria no existe.
El usuario maria no existe.
El directorio /home/maria no existe.
El usuario maria no existe.
El directorio /home/maria no existe.
El usuario maria no existe.
El directorio /home/maria no existe.
El usuario maria no existe.
El directorio /home/maria no existe.
El usuario maria no existe.
El directorio /home/maria no existe.
El usuario maria no existe.
El directorio /home/maria no existe.
El usuario maria no existe.
El directorio /home/maria no existe.
El usuario maria no existe.
El directorio /home/maria no existe.
El usuario maria no existe.
El directorio /home/maria no existe.
El usuario maria no existe.
El directorio /home/maria no existe.
maria no se encuentra en el sistema
/home/maria no existe
--> Usario maria creado
maria no se encuentra en el sistema
/home/maria no existe
--> Usario maria creado
maria no se encuentra en el sistema
/home/maria no existe
--> Usario maria creado
maria no se encuentra en el sistema
/home/maria no existe
--> Usario maria creado
maria no se encuentra en el sistema
/home/maria no existe
--> Usario maria creado
maria no se encuentra en el sistema
/home/maria no existe
--> Usario maria creado
maria no se encuentra en el sistema
/home/maria no existe
--> Usario maria creado
maria no se encuentra en el sistema
/home/maria no existe
--> Usario maria creado
maria no se encuentra en el sistema
/home/maria no existe
--> Usario maria creado
maria no se encuentra en el sistema
/home/maria no existe
--> Usario maria creado
maria no se encuentra en el sistema
/home/maria no existe
--> Usario maria creado
maria no se encuentra en el sistema
/home/maria no existe
--> Usario maria creado
maria no se encuentra en el sistema
/home/maria no existe
--> Usario maria creado
maria no se encuentra en el sistema
/home/maria no existe
--> Usario maria creado
maria no se encuentra en el sistema
/home/maria no existe
--> Usario maria creado
maria no se encuentra en el sistema
/home/maria no existe
--> Usario maria creado
maria no se encuentra en el sistema
/home/maria no existe
--> Usario maria creado
maria no se encuentra en el sistema
/home/maria no existe
--> Usario maria creado
maria no se encuentra en el sistema
/home/maria no existe
--> Usario maria creado
maria no se encuentra en el sistema
/home/maria no existe
--> Usario maria creado
maria no se encuentra en el sistema
/home/maria no existe
--> Usario maria creado
maria no se encuentra en el sistema
/home/maria no existe
--> Usario maria creado
maria no se encuentra en el sistema
/home/maria no existe
--> Usario maria creado
maria no se encuentra en el sistema
/home/maria no existe
--> Usario maria creado
maria no se encuentra en el sistema
/home/maria no existe
--> Usario maria creado
